<?xml version="1.0" encoding="UTF-8"?>
<testsuite name="ThreeSolidPrinciples.TestWorker" tests="1" skipped="0" failures="0" errors="0" timestamp="2019-05-03T04:35:14" hostname="LivingRoom" time="0.027">
  <properties/>
  <testcase name="newtestAPWorkerPass()" classname="ThreeSolidPrinciples.TestWorker" time="0.027"/>
  <system-out><![CDATA[]]></system-out>
  <system-err><![CDATA[]]></system-err>
</testsuite>
